<?xml version="1.0" encoding="UTF-8"?>
<!-- Generated by org.testng.reporters.JUnitReportReporter -->
<testsuite skipped="0" hostname="DinaBala" name="CucumberSelenium.CucumberSelenium.AppTest" tests="1" failures="0" timestamp="2019-11-29T03:03:15 IST" time="0.009" errors="0">
  <testcase name="shouldAnswerWithTrue" time="0.009" classname="CucumberSelenium.CucumberSelenium.AppTest"/>
</testsuite> <!-- CucumberSelenium.CucumberSelenium.AppTest -->
